{
  "numFailedTestSuites": 0,
  "numFailedTests": 0,
  "numPassedTestSuites": 1,
  "numPassedTests": 6,
  "numPendingTestSuites": 0,
  "numPendingTests": 0,
  "numRuntimeErrorTestSuites": 0,
  "numTodoTests": 0,
  "numTotalTestSuites": 1,
  "numTotalTests": 6,
  "openHandles": [],
  "snapshot": {
    "added": 0,
    "didUpdate": false,
    "failure": false,
    "filesAdded": 0,
    "filesRemoved": 0,
    "filesRemovedList": [],
    "filesUnmatched": 0,
    "filesUpdated": 0,
    "matched": 0,
    "total": 0,
    "unchecked": 0,
    "uncheckedKeysByFile": [],
    "unmatched": 0,
    "updated": 0
  },
  "startTime": 1754039705054,
  "success": true,
  "testResults": [
    {
      "assertionResults": [
        {
          "ancestorTitles": ["Button Component"],
          "duration": 37,
          "failing": false,
          "failureDetails": [],
          "failureMessages": [],
          "fullName": "Button Component renders a default button",
          "invocations": 1,
          "location": null,
          "numPassingAsserts": 1,
          "retryReasons": [],
          "startAt": 1754039706033,
          "status": "passed",
          "title": "renders a default button"
        },
        {
          "ancestorTitles": ["Button Component"],
          "duration": 54,
          "failing": false,
          "failureDetails": [],
          "failureMessages": [],
          "fullName": "Button Component disables the button when isDisabled prop is true",
          "invocations": 1,
          "location": null,
          "numPassingAsserts": 1,
          "retryReasons": [],
          "startAt": 1754039706072,
          "status": "passed",
          "title": "disables the button when isDisabled prop is true"
        },
        {
          "ancestorTitles": ["Button Component"],
          "duration": 16,
          "failing": false,
          "failureDetails": [],
          "failureMessages": [],
          "fullName": "Button Component applies the correct css class for different button variants",
          "invocations": 1,
          "location": null,
          "numPassingAsserts": 2,
          "retryReasons": [],
          "startAt": 1754039706126,
          "status": "passed",
          "title": "applies the correct css class for different button variants"
        },
        {
          "ancestorTitles": ["Button Component"],
          "duration": 4,
          "failing": false,
          "failureDetails": [],
          "failureMessages": [],
          "fullName": "Button Component render the correct loadingText and loading component when we use isLoading button",
          "invocations": 1,
          "location": null,
          "numPassingAsserts": 3,
          "retryReasons": [],
          "startAt": 1754039706143,
          "status": "passed",
          "title": "render the correct loadingText and loading component when we use isLoading button"
        },
        {
          "ancestorTitles": ["Button Component"],
          "duration": 11,
          "failing": false,
          "failureDetails": [],
          "failureMessages": [],
          "fullName": "Button Component applies correct size classes for diffrent size props",
          "invocations": 1,
          "location": null,
          "numPassingAsserts": 2,
          "retryReasons": [],
          "startAt": 1754039706148,
          "status": "passed",
          "title": "applies correct size classes for diffrent size props"
        },
        {
          "ancestorTitles": ["Button Component"],
          "duration": 7,
          "failing": false,
          "failureDetails": [],
          "failureMessages": [],
          "fullName": "Button Component applies correct shape classes for diffrent shape props",
          "invocations": 1,
          "location": null,
          "numPassingAsserts": 2,
          "retryReasons": [],
          "startAt": 1754039706160,
          "status": "passed",
          "title": "applies correct shape classes for diffrent shape props"
        }
      ],
      "endTime": 1754039706169,
      "message": "",
      "name": "D:\\Programing\\Projects\\Resume\\classbon\\src\\app\\_components\\button\\Button.test.tsx",
      "startTime": 1754039705564,
      "status": "passed",
      "summary": ""
    }
  ],
  "wasInterrupted": false
}
